0 info it worked if it ends with ok
1 verbose cli [ '/usr/local/bin/node', '/usr/local/bin/npm', 'publish' ]
2 info using npm@2.14.12
3 info using node@v4.2.4
4 verbose publish [ '.' ]
5 silly cache add args [ '.', null ]
6 verbose cache add spec .
7 silly cache add parsed spec Result {
7 silly cache add   raw: '.',
7 silly cache add   scope: null,
7 silly cache add   name: null,
7 silly cache add   rawSpec: '.',
7 silly cache add   spec: '/Users/meizu/workspace/github/merchant',
7 silly cache add   type: 'directory' }
8 verbose addLocalDirectory /Users/meizu/.npm/errorable-order/0.0.1/package.tgz not in flight; packing
9 verbose tar pack [ '/Users/meizu/.npm/errorable-order/0.0.1/package.tgz',
9 verbose tar pack   '/Users/meizu/workspace/github/merchant' ]
10 verbose tarball /Users/meizu/.npm/errorable-order/0.0.1/package.tgz
11 verbose folder /Users/meizu/workspace/github/merchant
12 info prepublish errorable-order@0.0.1
13 verbose unsafe-perm in lifecycle true
14 verbose addLocalTarball adding from inside cache /Users/meizu/.npm/errorable-order/0.0.1/package.tgz
15 silly cache afterAdd errorable-order@0.0.1
16 verbose afterAdd /Users/meizu/.npm/errorable-order/0.0.1/package/package.json not in flight; writing
17 verbose afterAdd /Users/meizu/.npm/errorable-order/0.0.1/package/package.json written
18 silly publish { name: 'errorable-order',
18 silly publish   version: '0.0.1',
18 silly publish   description: 'merchant errors for errorable',
18 silly publish   homepage: 'https://github.com/Errorable/merchant#readme',
18 silly publish   author:
18 silly publish    { name: 'calidion',
18 silly publish      email: 'calidion@gmail.com',
18 silly publish      url: 'calidion.github.io' },
18 silly publish   files: [ 'lib' ],
18 silly publish   main: 'lib/index.js',
18 silly publish   keywords: [ 'error', 'node', 'order' ],
18 silly publish   devDependencies:
18 silly publish    { errorable: '^0.2.0',
18 silly publish      'eslint-config-xo-space': '^0.7.0',
18 silly publish      gulp: '^3.9.0',
18 silly publish      'gulp-coveralls': '^0.1.0',
18 silly publish      'gulp-eslint': '^1.0.0',
18 silly publish      'gulp-exclude-gitignore': '^1.0.0',
18 silly publish      'gulp-istanbul': '^0.10.3',
18 silly publish      'gulp-mocha': '^2.0.0',
18 silly publish      'gulp-nsp': '^2.1.0',
18 silly publish      'gulp-plumber': '^1.0.0' },
18 silly publish   eslintConfig: { extends: 'xo-space', env: { mocha: true } },
18 silly publish   repository:
18 silly publish    { type: 'git',
18 silly publish      url: 'git+https://github.com/Errorable/merchant.git' },
18 silly publish   scripts: { prepublish: 'gulp prepublish', test: 'gulp' },
18 silly publish   license: 'MIT',
18 silly publish   readme: '# errorable-merchant [![NPM version][npm-image]][npm-url] [![Build Status][travis-image]][travis-url] [![Dependency Status][daviddm-image]][daviddm-url] [![Coverage percentage][coveralls-image]][coveralls-url]\n> merchant errors for errorable\n\n## Installation\n\n```sh\n$ npm install --save errorable-merchant\n```\n\n## Usage\n\n```js\nvar errorable = require(\'errorable\');\nvar errorableOrder = require(\'errorable-merchant\');\nvar Generator = errorable.Generator;\nvar cnErrors = new Generator(errorableOrder, \'zh-CN\').errors;\nvar enUsErrors = new Generator(errorableOrder, \'en-US\').errors;\n\n// IdError\n// NotLoggedIn\n// NotFound\n```\n## License\n\nMIT © [calidion](calidion.github.io)\n\n\n[npm-image]: https://badge.fury.io/js/errorable-order.svg\n[npm-url]: https://npmjs.org/package/errorable-order\n[travis-image]: https://travis-ci.org/Errorable/order.svg?branch=master\n[travis-url]: https://travis-ci.org/Errorable/order\n[daviddm-image]: https://david-dm.org/Errorable/order.svg?theme=shields.io\n[daviddm-url]: https://david-dm.org/Errorable/order\n[coveralls-image]: https://coveralls.io/repos/Errorable/order/badge.svg\n[coveralls-url]: https://coveralls.io/r/Errorable/order\n',
18 silly publish   readmeFilename: 'README.md',
18 silly publish   gitHead: '5b5928cc5e06d3a215032727d68a095e7cc413e0',
18 silly publish   bugs: { url: 'https://github.com/Errorable/merchant/issues' },
18 silly publish   _id: 'errorable-order@0.0.1',
18 silly publish   _shasum: '8bd7c050bb82bced2a975af94952da3ff7dd83f1',
18 silly publish   _from: '.' }
19 verbose getPublishConfig undefined
20 silly mapToRegistry name errorable-order
21 silly mapToRegistry using default registry
22 silly mapToRegistry registry https://registry.npmjs.org/
23 silly mapToRegistry uri https://registry.npmjs.org/errorable-order
24 verbose publish registryBase https://registry.npmjs.org/
25 silly publish uploading /Users/meizu/.npm/errorable-order/0.0.1/package.tgz
26 verbose request uri https://registry.npmjs.org/errorable-order
27 verbose request sending authorization for write operation
28 info attempt registry request try #1 at 16:23:01
29 verbose request using bearer token for auth
30 verbose request id 2fd8502cddf03a33
31 http request PUT https://registry.npmjs.org/errorable-order
32 http 403 https://registry.npmjs.org/errorable-order
33 verbose headers { 'content-type': 'application/json',
33 verbose headers   'cache-control': 'max-age=300',
33 verbose headers   'content-length': '107',
33 verbose headers   'accept-ranges': 'bytes',
33 verbose headers   date: 'Fri, 04 Mar 2016 08:23:02 GMT',
33 verbose headers   via: '1.1 varnish',
33 verbose headers   connection: 'keep-alive',
33 verbose headers   'x-served-by': 'cache-nrt6121-NRT',
33 verbose headers   'x-cache': 'MISS',
33 verbose headers   'x-cache-hits': '0',
33 verbose headers   'x-timer': 'S1457079781.597236,VS0,VE516' }
34 verbose request invalidating /Users/meizu/.npm/registry.npmjs.org/errorable-order on PUT
35 error publish Failed PUT 403
36 verbose stack Error: You do not have permission to publish 'errorable-order'. Are you logged in as the correct user? : errorable-order
36 verbose stack     at makeError (/usr/local/lib/node_modules/npm/node_modules/npm-registry-client/lib/request.js:264:12)
36 verbose stack     at CachingRegistryClient.<anonymous> (/usr/local/lib/node_modules/npm/node_modules/npm-registry-client/lib/request.js:252:14)
36 verbose stack     at Request._callback (/usr/local/lib/node_modules/npm/node_modules/npm-registry-client/lib/request.js:172:14)
36 verbose stack     at Request.self.callback (/usr/local/lib/node_modules/npm/node_modules/request/request.js:198:22)
36 verbose stack     at emitTwo (events.js:87:13)
36 verbose stack     at Request.emit (events.js:172:7)
36 verbose stack     at Request.<anonymous> (/usr/local/lib/node_modules/npm/node_modules/request/request.js:1082:10)
36 verbose stack     at emitOne (events.js:82:20)
36 verbose stack     at Request.emit (events.js:169:7)
36 verbose stack     at IncomingMessage.<anonymous> (/usr/local/lib/node_modules/npm/node_modules/request/request.js:1009:12)
37 verbose statusCode 403
38 verbose pkgid errorable-order
39 verbose cwd /Users/meizu/workspace/github/merchant
40 error Darwin 15.2.0
41 error argv "/usr/local/bin/node" "/usr/local/bin/npm" "publish"
42 error node v4.2.4
43 error npm  v2.14.12
44 error code E403
45 error You do not have permission to publish 'errorable-order'. Are you logged in as the correct user? : errorable-order
46 error If you need help, you may report this error at:
46 error     <https://github.com/npm/npm/issues>
47 verbose exit [ 1, true ]
